2014-08-11 19:35:07.270 HelloWorld[31702:70b] Multi-tasking -> Device: YES, App: YES
2014-08-11 19:35:07.305 HelloWorld[31702:70b] Unlimited access to network resources
2014-08-11 19:35:07.311 HelloWorld[31702:70b] 

Started backup to iCloud! Please be careful.
Your application might rejected by Apple if you store too much data.
For more information please read "iOS Data Storage Guidelines"
You could find it at the following address https://developer.apple.com/icloud/documentation/data-storage/ .

2014-08-11 19:35:07.698 HelloWorld[31702:70b] Resetting plugins due to page load.
2014-08-11 19:35:07.873 HelloWorld[31702:70b] Finished load of: file:///Users/orkhan/Library/Application%20Support/iPhone%20Simulator/7.1/Applications/0872C00E-3124-49BB-B51B-B41286FF59D6/HelloWorld.app/www/index.html
2014-08-11 19:36:18.715 HelloWorld[32057:70b] Multi-tasking -> Device: YES, App: YES
2014-08-11 19:36:18.730 HelloWorld[32057:70b] Unlimited access to network resources
2014-08-11 19:36:18.735 HelloWorld[32057:70b] 

Started backup to iCloud! Please be careful.
Your application might rejected by Apple if you store too much data.
For more information please read "iOS Data Storage Guidelines"
You could find it at the following address https://developer.apple.com/icloud/documentation/data-storage/ .

2014-08-11 19:36:18.894 HelloWorld[32057:70b] Resetting plugins due to page load.
2014-08-11 19:36:19.061 HelloWorld[32057:70b] Finished load of: file:///Users/orkhan/Library/Application%20Support/iPhone%20Simulator/7.1/Applications/0872C00E-3124-49BB-B51B-B41286FF59D6/HelloWorld.app/www/index.html
2014-08-11 19:36:30.385 HelloWorld[32057:70b] Received memory warning.
2014-08-11 19:36:50.866 HelloWorld[32432:70b] Multi-tasking -> Device: YES, App: YES
2014-08-11 19:36:50.879 HelloWorld[32432:70b] Unlimited access to network resources
2014-08-11 19:36:50.883 HelloWorld[32432:70b] 

Started backup to iCloud! Please be careful.
Your application might rejected by Apple if you store too much data.
For more information please read "iOS Data Storage Guidelines"
You could find it at the following address https://developer.apple.com/icloud/documentation/data-storage/ .

2014-08-11 19:36:51.055 HelloWorld[32432:70b] Resetting plugins due to page load.
2014-08-11 19:36:51.138 HelloWorld[32432:70b] Finished load of: file:///Users/orkhan/Library/Application%20Support/iPhone%20Simulator/7.1/Applications/0872C00E-3124-49BB-B51B-B41286FF59D6/HelloWorld.app/www/index.html
2014-08-11 19:36:53.358 HelloWorld[32432:70b] Received memory warning.
